2025-06-18 13:33:47.739 [info] Reading sessions from keychain...
2025-06-18 13:33:47.739 [info] Getting sessions for all scopes...
2025-06-18 13:33:47.739 [info] Getting sessions for all scopes...
2025-06-18 13:33:47.739 [info] Getting sessions for all scopes...
2025-06-18 13:33:47.758 [info] Getting sessions for all scopes...
2025-06-18 13:33:47.758 [info] Getting sessions for all scopes...
2025-06-18 13:33:47.758 [info] Getting sessions for all scopes...
2025-06-18 13:33:47.759 [info] Getting sessions for all scopes...
2025-06-18 13:33:47.759 [info] Getting sessions for all scopes...
2025-06-18 13:33:47.896 [info] Getting sessions for all scopes...
2025-06-18 13:33:54.899 [info] Got 0 sessions for ...
2025-06-18 13:33:54.900 [info] Got 0 sessions for ...
2025-06-18 13:33:54.900 [info] Got 0 sessions for ...
2025-06-18 13:33:54.900 [info] Got 0 sessions for ...
2025-06-18 13:33:54.900 [info] Got 0 sessions for ...
2025-06-18 13:33:54.900 [info] Got 0 sessions for ...
2025-06-18 13:33:54.900 [info] Got 0 sessions for ...
2025-06-18 13:33:54.900 [info] Got 0 sessions for ...
2025-06-18 13:33:54.900 [info] Got 0 sessions for ...
2025-06-18 13:33:54.906 [info] Getting sessions for all scopes...
2025-06-18 13:33:54.906 [info] Got 0 sessions for ...
2025-06-18 13:33:54.909 [info] Getting sessions for all scopes...
2025-06-18 13:33:54.909 [info] Got 0 sessions for ...
2025-06-18 13:33:54.909 [info] Getting sessions for all scopes...
2025-06-18 13:33:54.909 [info] Got 0 sessions for ...
2025-06-18 13:33:54.910 [info] Getting sessions for all scopes...
2025-06-18 13:33:54.910 [info] Got 0 sessions for ...
2025-06-18 13:33:54.910 [info] Getting sessions for all scopes...
2025-06-18 13:33:54.910 [info] Got 0 sessions for ...
2025-06-18 13:33:54.910 [info] Getting sessions for all scopes...
2025-06-18 13:33:54.910 [info] Got 0 sessions for ...
2025-06-18 13:33:54.911 [info] Getting sessions for all scopes...
2025-06-18 13:33:54.911 [info] Got 0 sessions for ...
2025-06-18 13:36:05.694 [info] Getting sessions for read:user,repo,user:email,workflow...
2025-06-18 13:36:05.694 [info] Got 0 sessions for read:user,repo,user:email,workflow...
2025-06-18 13:36:07.022 [info] Getting sessions for read:user,repo,user:email,workflow...
2025-06-18 13:36:07.022 [info] Got 0 sessions for read:user,repo,user:email,workflow...
2025-06-18 13:36:13.803 [info] Getting sessions for read:user,repo,user:email,workflow...
2025-06-18 13:36:13.803 [info] Got 0 sessions for read:user,repo,user:email,workflow...
2025-06-18 13:36:13.807 [info] Getting sessions for read:user,repo,user:email,workflow...
2025-06-18 13:36:13.807 [info] Got 0 sessions for read:user,repo,user:email,workflow...
2025-06-18 13:36:16.294 [info] Getting sessions for read:user,repo,user:email,workflow...
2025-06-18 13:36:16.294 [info] Got 0 sessions for read:user,repo,user:email,workflow...
2025-06-18 13:36:23.400 [info] Getting sessions for read:user,repo,user:email,workflow...
2025-06-18 13:36:23.400 [info] Got 0 sessions for read:user,repo,user:email,workflow...
2025-06-18 13:36:23.971 [info] Getting sessions for read:user,repo,user:email,workflow...
2025-06-18 13:36:23.971 [info] Got 0 sessions for read:user,repo,user:email,workflow...
2025-06-18 13:36:31.768 [info] Reading sessions from keychain...
2025-06-18 13:36:31.768 [info] Getting sessions for all scopes...
2025-06-18 13:36:31.768 [info] Getting sessions for all scopes...
2025-06-18 13:36:31.768 [info] Getting sessions for all scopes...
2025-06-18 13:36:31.768 [info] Getting sessions for all scopes...
2025-06-18 13:36:31.768 [info] Getting sessions for all scopes...
2025-06-18 13:36:31.768 [info] Getting sessions for all scopes...
2025-06-18 13:36:31.768 [info] Getting sessions for all scopes...
2025-06-18 13:36:31.768 [info] Getting sessions for all scopes...
2025-06-18 13:36:31.775 [info] Got 0 sessions for ...
2025-06-18 13:36:31.775 [info] Got 0 sessions for ...
2025-06-18 13:36:31.775 [info] Got 0 sessions for ...
2025-06-18 13:36:31.775 [info] Got 0 sessions for ...
2025-06-18 13:36:31.775 [info] Got 0 sessions for ...
2025-06-18 13:36:31.775 [info] Got 0 sessions for ...
2025-06-18 13:36:31.775 [info] Got 0 sessions for ...
2025-06-18 13:36:31.775 [info] Got 0 sessions for ...
2025-06-18 13:36:31.782 [info] Getting sessions for all scopes...
2025-06-18 13:36:31.782 [info] Got 0 sessions for ...
2025-06-18 13:36:31.783 [info] Getting sessions for all scopes...
2025-06-18 13:36:31.783 [info] Got 0 sessions for ...
2025-06-18 13:36:31.783 [info] Getting sessions for all scopes...
2025-06-18 13:36:31.783 [info] Got 0 sessions for ...
2025-06-18 13:36:31.783 [info] Getting sessions for all scopes...
2025-06-18 13:36:31.783 [info] Got 0 sessions for ...
2025-06-18 13:36:31.783 [info] Getting sessions for all scopes...
2025-06-18 13:36:31.783 [info] Got 0 sessions for ...
2025-06-18 13:36:31.784 [info] Getting sessions for all scopes...
2025-06-18 13:36:31.784 [info] Got 0 sessions for ...
2025-06-18 13:36:31.902 [info] Getting sessions for all scopes...
2025-06-18 13:36:31.902 [info] Got 0 sessions for ...
2025-06-18 13:36:33.477 [info] Getting sessions for all scopes...
2025-06-18 13:36:33.477 [info] Got 0 sessions for ...
2025-06-18 13:36:44.507 [info] Getting sessions for read:user,repo,user:email,workflow...
2025-06-18 13:36:44.507 [info] Got 0 sessions for read:user,repo,user:email,workflow...
2025-06-18 13:36:44.749 [info] Getting sessions for read:user,repo,user:email,workflow...
2025-06-18 13:36:44.749 [info] Got 0 sessions for read:user,repo,user:email,workflow...
2025-06-18 13:36:46.929 [info] Getting sessions for read:user,repo,user:email,workflow...
2025-06-18 13:36:46.929 [info] Got 0 sessions for read:user,repo,user:email,workflow...
2025-06-18 13:36:46.933 [info] Getting sessions for read:user,repo,user:email,workflow...
2025-06-18 13:36:46.933 [info] Got 0 sessions for read:user,repo,user:email,workflow...
2025-06-18 13:36:48.265 [info] Logging in with 'any' account...
2025-06-18 13:36:48.265 [info] Logging in for the following scopes: read:user repo user:email workflow
2025-06-18 13:36:48.325 [info] Trying without local server... (read:user repo user:email workflow)
2025-06-18 13:38:02.092 [info] Exchanging code for token...
2025-06-18 13:38:02.376 [info] Token exchange success!
2025-06-18 13:38:02.378 [info] Getting user info...
2025-06-18 13:38:02.659 [info] Got account info!
2025-06-18 13:38:02.660 [info] Storing 1 sessions...
2025-06-18 13:38:02.665 [info] Reading sessions from keychain...
2025-06-18 13:38:02.665 [info] Stored 1 sessions!
2025-06-18 13:38:02.665 [info] Login success!
2025-06-18 13:38:02.666 [info] Getting sessions for all scopes...
2025-06-18 13:38:02.669 [info] Getting sessions for all scopes...
2025-06-18 13:38:02.670 [info] Got stored sessions!
2025-06-18 13:38:02.670 [info] Got 1 verified sessions.
2025-06-18 13:38:02.670 [info] Got 1 sessions for ...
2025-06-18 13:38:02.670 [info] Got 1 sessions for ...
2025-06-18 13:38:02.671 [info] Getting sessions for all scopes...
2025-06-18 13:38:02.671 [info] Got 1 sessions for ...
2025-06-18 13:38:02.672 [info] Getting sessions for all scopes...
2025-06-18 13:38:02.672 [info] Got 1 sessions for ...
2025-06-18 13:38:02.681 [info] Getting sessions for all scopes...
2025-06-18 13:38:02.681 [info] Got 1 sessions for ...
2025-06-18 13:38:02.682 [info] Getting sessions for all scopes...
2025-06-18 13:38:02.682 [info] Got 1 sessions for ...
2025-06-18 13:38:02.682 [info] Getting sessions for read:user,repo,user:email,workflow...
2025-06-18 13:38:02.682 [info] Got 1 sessions for read:user,repo,user:email,workflow...
2025-06-18 15:33:26.350 [info] Getting sessions for read:user,repo,user:email,workflow...
2025-06-18 15:33:26.350 [info] Got 1 sessions for read:user,repo,user:email,workflow...
2025-06-18 15:33:28.844 [info] Getting sessions for all scopes...
2025-06-18 15:33:28.844 [info] Got 1 sessions for ...
2025-06-18 15:33:33.979 [info] Getting sessions for all scopes...
2025-06-18 15:33:33.979 [info] Got 1 sessions for ...
2025-06-18 15:33:33.981 [info] Getting sessions for all scopes...
2025-06-18 15:33:33.981 [info] Got 1 sessions for ...
2025-06-18 15:33:33.982 [info] Getting sessions for all scopes...
2025-06-18 15:33:33.982 [info] Got 1 sessions for ...
2025-06-18 15:33:33.983 [info] Getting sessions for all scopes...
2025-06-18 15:33:33.983 [info] Got 1 sessions for ...
2025-06-18 15:33:34.009 [info] Getting sessions for all scopes...
2025-06-18 15:33:34.009 [info] Got 1 sessions for ...
2025-06-18 15:33:34.010 [info] Getting sessions for all scopes...
2025-06-18 15:33:34.010 [info] Got 1 sessions for ...
2025-06-18 15:33:34.011 [info] Getting sessions for read:user,repo,user:email,workflow...
2025-06-18 15:33:34.011 [info] Got 1 sessions for read:user,repo,user:email,workflow...
2025-06-18 15:34:29.227 [info] Getting sessions for read:user,repo,user:email,workflow...
2025-06-18 15:34:29.227 [info] Got 1 sessions for read:user,repo,user:email,workflow...
2025-06-18 15:35:49.012 [info] Getting sessions for read:user,repo,user:email,workflow...
2025-06-18 15:35:49.013 [info] Got 1 sessions for read:user,repo,user:email,workflow...
